{"D:\\JuniorYear\\Software Engineering\\test\\test\\3\\output\\code\\services\\member\\src\\index.js": {"path":"D:\\JuniorYear\\Software Engineering\\test\\test\\3\\output\\code\\services\\member\\src\\index.js","statementMap":{"0":{"start":{"line":6,"column":16},"end":{"line":6,"column":34}},"1":{"start":{"line":7,"column":13},"end":{"line":7,"column":28}},"2":{"start":{"line":8,"column":15},"end":{"line":8,"column":32}},"3":{"start":{"line":9,"column":15},"end":{"line":9,"column":32}},"4":{"start":{"line":10,"column":17},"end":{"line":10,"column":30}},"5":{"start":{"line":11,"column":14},"end":{"line":11,"column":30}},"6":{"start":{"line":15,"column":13},"end":{"line":15,"column":37}},"7":{"start":{"line":17,"column":2},"end":{"line":18,"column":69}},"8":{"start":{"line":19,"column":18},"end":{"line":19,"column":69}},"9":{"start":{"line":23,"column":13},"end":{"line":23,"column":66}},"10":{"start":{"line":28,"column":0},"end":{"line":33,"column":5}},"11":{"start":{"line":29,"column":2},"end":{"line":29,"column":55}},"12":{"start":{"line":30,"column":2},"end":{"line":30,"column":71}},"13":{"start":{"line":30,"column":35},"end":{"line":30,"column":69}},"14":{"start":{"line":31,"column":2},"end":{"line":31,"column":30}},"15":{"start":{"line":32,"column":2},"end":{"line":32,"column":33}},"16":{"start":{"line":38,"column":2},"end":{"line":53,"column":5}},"17":{"start":{"line":54,"column":2},"end":{"line":54,"column":36}},"18":{"start":{"line":63,"column":2},"end":{"line":63,"column":53}},"19":{"start":{"line":63,"column":40},"end":{"line":63,"column":53}},"20":{"start":{"line":64,"column":19},"end":{"line":64,"column":41}},"21":{"start":{"line":65,"column":19},"end":{"line":65,"column":41}},"22":{"start":{"line":66,"column":19},"end":{"line":66,"column":41}},"23":{"start":{"line":67,"column":2},"end":{"line":67,"column":42}},"24":{"start":{"line":72,"column":12},"end":{"line":72,"column":21}},"25":{"start":{"line":73,"column":0},"end":{"line":73,"column":16}},"26":{"start":{"line":74,"column":0},"end":{"line":74,"column":18}},"27":{"start":{"line":75,"column":0},"end":{"line":75,"column":28}},"28":{"start":{"line":76,"column":0},"end":{"line":76,"column":24}},"29":{"start":{"line":80,"column":0},"end":{"line":86,"column":3}},"30":{"start":{"line":81,"column":2},"end":{"line":85,"column":5}},"31":{"start":{"line":90,"column":0},"end":{"line":121,"column":3}},"32":{"start":{"line":91,"column":2},"end":{"line":120,"column":3}},"33":{"start":{"line":92,"column":45},"end":{"line":92,"column":53}},"34":{"start":{"line":93,"column":4},"end":{"line":95,"column":5}},"35":{"start":{"line":94,"column":6},"end":{"line":94,"column":59}},"36":{"start":{"line":97,"column":4},"end":{"line":99,"column":5}},"37":{"start":{"line":98,"column":6},"end":{"line":98,"column":68}},"38":{"start":{"line":101,"column":21},"end":{"line":104,"column":5}},"39":{"start":{"line":105,"column":4},"end":{"line":107,"column":5}},"40":{"start":{"line":106,"column":6},"end":{"line":106,"column":56}},"41":{"start":{"line":109,"column":19},"end":{"line":112,"column":5}},"42":{"start":{"line":114,"column":19},"end":{"line":114,"column":33}},"43":{"start":{"line":115,"column":4},"end":{"line":115,"column":70}},"44":{"start":{"line":116,"column":4},"end":{"line":116,"column":47}},"45":{"start":{"line":118,"column":4},"end":{"line":118,"column":42}},"46":{"start":{"line":119,"column":4},"end":{"line":119,"column":44}},"47":{"start":{"line":125,"column":0},"end":{"line":144,"column":3}},"48":{"start":{"line":126,"column":2},"end":{"line":143,"column":3}},"49":{"start":{"line":127,"column":19},"end":{"line":127,"column":29}},"50":{"start":{"line":129,"column":19},"end":{"line":129,"column":56}},"51":{"start":{"line":130,"column":4},"end":{"line":130,"column":52}},"52":{"start":{"line":130,"column":16},"end":{"line":130,"column":52}},"53":{"start":{"line":132,"column":19},"end":{"line":132,"column":79}},"54":{"start":{"line":133,"column":4},"end":{"line":135,"column":5}},"55":{"start":{"line":134,"column":6},"end":{"line":134,"column":54}},"56":{"start":{"line":137,"column":19},"end":{"line":137,"column":47}},"57":{"start":{"line":138,"column":4},"end":{"line":138,"column":73}},"58":{"start":{"line":139,"column":4},"end":{"line":139,"column":21}},"59":{"start":{"line":141,"column":4},"end":{"line":141,"column":44}},"60":{"start":{"line":142,"column":4},"end":{"line":142,"column":44}},"61":{"start":{"line":148,"column":0},"end":{"line":171,"column":3}},"62":{"start":{"line":149,"column":2},"end":{"line":170,"column":3}},"63":{"start":{"line":150,"column":19},"end":{"line":150,"column":29}},"64":{"start":{"line":151,"column":19},"end":{"line":154,"column":5}},"65":{"start":{"line":155,"column":4},"end":{"line":157,"column":5}},"66":{"start":{"line":156,"column":6},"end":{"line":156,"column":54}},"67":{"start":{"line":159,"column":43},"end":{"line":159,"column":57}},"68":{"start":{"line":160,"column":4},"end":{"line":166,"column":7}},"69":{"start":{"line":168,"column":4},"end":{"line":168,"column":44}},"70":{"start":{"line":169,"column":4},"end":{"line":169,"column":46}},"71":{"start":{"line":175,"column":0},"end":{"line":219,"column":3}},"72":{"start":{"line":176,"column":2},"end":{"line":218,"column":3}},"73":{"start":{"line":177,"column":19},"end":{"line":177,"column":29}},"74":{"start":{"line":178,"column":23},"end":{"line":178,"column":31}},"75":{"start":{"line":179,"column":4},"end":{"line":181,"column":5}},"76":{"start":{"line":180,"column":6},"end":{"line":180,"column":58}},"77":{"start":{"line":183,"column":25},"end":{"line":183,"column":43}},"78":{"start":{"line":185,"column":19},"end":{"line":199,"column":5}},"79":{"start":{"line":201,"column":4},"end":{"line":203,"column":5}},"80":{"start":{"line":202,"column":6},"end":{"line":202,"column":54}},"81":{"start":{"line":205,"column":4},"end":{"line":205,"column":42}},"82":{"start":{"line":207,"column":19},"end":{"line":207,"column":33}},"83":{"start":{"line":208,"column":4},"end":{"line":208,"column":88}},"84":{"start":{"line":209,"column":4},"end":{"line":214,"column":7}},"85":{"start":{"line":216,"column":4},"end":{"line":216,"column":45}},"86":{"start":{"line":217,"column":4},"end":{"line":217,"column":46}},"87":{"start":{"line":223,"column":0},"end":{"line":260,"column":3}},"88":{"start":{"line":224,"column":2},"end":{"line":259,"column":3}},"89":{"start":{"line":225,"column":19},"end":{"line":225,"column":29}},"90":{"start":{"line":226,"column":37},"end":{"line":226,"column":45}},"91":{"start":{"line":227,"column":4},"end":{"line":229,"column":5}},"92":{"start":{"line":228,"column":6},"end":{"line":228,"column":58}},"93":{"start":{"line":231,"column":20},"end":{"line":234,"column":5}},"94":{"start":{"line":235,"column":4},"end":{"line":237,"column":5}},"95":{"start":{"line":236,"column":6},"end":{"line":236,"column":54}},"96":{"start":{"line":238,"column":4},"end":{"line":240,"column":5}},"97":{"start":{"line":239,"column":6},"end":{"line":239,"column":53}},"98":{"start":{"line":242,"column":19},"end":{"line":245,"column":5}},"99":{"start":{"line":247,"column":4},"end":{"line":247,"column":42}},"100":{"start":{"line":249,"column":19},"end":{"line":249,"column":33}},"101":{"start":{"line":250,"column":4},"end":{"line":250,"column":67}},"102":{"start":{"line":251,"column":4},"end":{"line":255,"column":7}},"103":{"start":{"line":257,"column":4},"end":{"line":257,"column":47}},"104":{"start":{"line":258,"column":4},"end":{"line":258,"column":46}},"105":{"start":{"line":265,"column":19},"end":{"line":270,"column":3}},"106":{"start":{"line":271,"column":2},"end":{"line":271,"column":44}},"107":{"start":{"line":275,"column":2},"end":{"line":285,"column":4}},"108":{"start":{"line":290,"column":2},"end":{"line":290,"column":17}},"109":{"start":{"line":291,"column":2},"end":{"line":293,"column":5}},"110":{"start":{"line":292,"column":4},"end":{"line":292,"column":58}},"111":{"start":{"line":298,"column":0},"end":{"line":300,"column":1}},"112":{"start":{"line":299,"column":2},"end":{"line":299,"column":31}},"113":{"start":{"line":303,"column":0},"end":{"line":303,"column":51}}},"fnMap":{"0":{"name":"(anonymous_0)","decl":{"start":{"line":28,"column":1},"end":{"line":28,"column":2}},"loc":{"start":{"line":28,"column":13},"end":{"line":33,"column":1}},"line":28},"1":{"name":"(anonymous_1)","decl":{"start":{"line":30,"column":26},"end":{"line":30,"column":27}},"loc":{"start":{"line":30,"column":35},"end":{"line":30,"column":69}},"line":30},"2":{"name":"initDB","decl":{"start":{"line":37,"column":15},"end":{"line":37,"column":21}},"loc":{"start":{"line":37,"column":24},"end":{"line":55,"column":1}},"line":37},"3":{"name":"validatePasswordStrength","decl":{"start":{"line":62,"column":9},"end":{"line":62,"column":33}},"loc":{"start":{"line":62,"column":44},"end":{"line":68,"column":1}},"line":62},"4":{"name":"(anonymous_4)","decl":{"start":{"line":80,"column":19},"end":{"line":80,"column":20}},"loc":{"start":{"line":80,"column":33},"end":{"line":86,"column":1}},"line":80},"5":{"name":"(anonymous_5)","decl":{"start":{"line":90,"column":25},"end":{"line":90,"column":26}},"loc":{"start":{"line":90,"column":45},"end":{"line":121,"column":1}},"line":90},"6":{"name":"(anonymous_6)","decl":{"start":{"line":125,"column":28},"end":{"line":125,"column":29}},"loc":{"start":{"line":125,"column":48},"end":{"line":144,"column":1}},"line":125},"7":{"name":"(anonymous_7)","decl":{"start":{"line":148,"column":35},"end":{"line":148,"column":36}},"loc":{"start":{"line":148,"column":55},"end":{"line":171,"column":1}},"line":148},"8":{"name":"(anonymous_8)","decl":{"start":{"line":175,"column":41},"end":{"line":175,"column":42}},"loc":{"start":{"line":175,"column":61},"end":{"line":219,"column":1}},"line":175},"9":{"name":"(anonymous_9)","decl":{"start":{"line":223,"column":43},"end":{"line":223,"column":44}},"loc":{"start":{"line":223,"column":63},"end":{"line":260,"column":1}},"line":223},"10":{"name":"getLevelBenefits","decl":{"start":{"line":264,"column":9},"end":{"line":264,"column":25}},"loc":{"start":{"line":264,"column":33},"end":{"line":272,"column":1}},"line":264},"11":{"name":"formatMember","decl":{"start":{"line":274,"column":9},"end":{"line":274,"column":21}},"loc":{"start":{"line":274,"column":27},"end":{"line":286,"column":1}},"line":274},"12":{"name":"start","decl":{"start":{"line":289,"column":15},"end":{"line":289,"column":20}},"loc":{"start":{"line":289,"column":23},"end":{"line":294,"column":1}},"line":289},"13":{"name":"(anonymous_13)","decl":{"start":{"line":291,"column":19},"end":{"line":291,"column":20}},"loc":{"start":{"line":291,"column":25},"end":{"line":293,"column":3}},"line":291}},"branchMap":{"0":{"loc":{"start":{"line":15,"column":13},"end":{"line":15,"column":37}},"type":"binary-expr","locations":[{"start":{"line":15,"column":13},"end":{"line":15,"column":29}},{"start":{"line":15,"column":33},"end":{"line":15,"column":37}}],"line":15},"1":{"loc":{"start":{"line":17,"column":2},"end":{"line":18,"column":69}},"type":"binary-expr","locations":[{"start":{"line":17,"column":2},"end":{"line":17,"column":26}},{"start":{"line":18,"column":2},"end":{"line":18,"column":69}}],"line":17},"2":{"loc":{"start":{"line":19,"column":18},"end":{"line":19,"column":69}},"type":"binary-expr","locations":[{"start":{"line":19,"column":18},"end":{"line":19,"column":39}},{"start":{"line":19,"column":43},"end":{"line":19,"column":69}}],"line":19},"3":{"loc":{"start":{"line":63,"column":2},"end":{"line":63,"column":53}},"type":"if","locations":[{"start":{"line":63,"column":2},"end":{"line":63,"column":53}},{"start":{},"end":{}}],"line":63},"4":{"loc":{"start":{"line":63,"column":6},"end":{"line":63,"column":38}},"type":"binary-expr","locations":[{"start":{"line":63,"column":6},"end":{"line":63,"column":15}},{"start":{"line":63,"column":19},"end":{"line":63,"column":38}}],"line":63},"5":{"loc":{"start":{"line":67,"column":9},"end":{"line":67,"column":41}},"type":"binary-expr","locations":[{"start":{"line":67,"column":9},"end":{"line":67,"column":17}},{"start":{"line":67,"column":21},"end":{"line":67,"column":29}},{"start":{"line":67,"column":33},"end":{"line":67,"column":41}}],"line":67},"6":{"loc":{"start":{"line":93,"column":4},"end":{"line":95,"column":5}},"type":"if","locations":[{"start":{"line":93,"column":4},"end":{"line":95,"column":5}},{"start":{},"end":{}}],"line":93},"7":{"loc":{"start":{"line":93,"column":8},"end":{"line":93,"column":23}},"type":"binary-expr","locations":[{"start":{"line":93,"column":8},"end":{"line":93,"column":13}},{"start":{"line":93,"column":17},"end":{"line":93,"column":23}}],"line":93},"8":{"loc":{"start":{"line":97,"column":4},"end":{"line":99,"column":5}},"type":"if","locations":[{"start":{"line":97,"column":4},"end":{"line":99,"column":5}},{"start":{},"end":{}}],"line":97},"9":{"loc":{"start":{"line":97,"column":8},"end":{"line":97,"column":55}},"type":"binary-expr","locations":[{"start":{"line":97,"column":8},"end":{"line":97,"column":16}},{"start":{"line":97,"column":20},"end":{"line":97,"column":55}}],"line":97},"10":{"loc":{"start":{"line":105,"column":4},"end":{"line":107,"column":5}},"type":"if","locations":[{"start":{"line":105,"column":4},"end":{"line":107,"column":5}},{"start":{},"end":{}}],"line":105},"11":{"loc":{"start":{"line":111,"column":20},"end":{"line":111,"column":33}},"type":"binary-expr","locations":[{"start":{"line":111,"column":20},"end":{"line":111,"column":25}},{"start":{"line":111,"column":29},"end":{"line":111,"column":33}}],"line":111},"12":{"loc":{"start":{"line":111,"column":35},"end":{"line":111,"column":49}},"type":"binary-expr","locations":[{"start":{"line":111,"column":35},"end":{"line":111,"column":43}},{"start":{"line":111,"column":47},"end":{"line":111,"column":49}}],"line":111},"13":{"loc":{"start":{"line":130,"column":4},"end":{"line":130,"column":52}},"type":"if","locations":[{"start":{"line":130,"column":4},"end":{"line":130,"column":52}},{"start":{},"end":{}}],"line":130},"14":{"loc":{"start":{"line":133,"column":4},"end":{"line":135,"column":5}},"type":"if","locations":[{"start":{"line":133,"column":4},"end":{"line":135,"column":5}},{"start":{},"end":{}}],"line":133},"15":{"loc":{"start":{"line":155,"column":4},"end":{"line":157,"column":5}},"type":"if","locations":[{"start":{"line":155,"column":4},"end":{"line":157,"column":5}},{"start":{},"end":{}}],"line":155},"16":{"loc":{"start":{"line":179,"column":4},"end":{"line":181,"column":5}},"type":"if","locations":[{"start":{"line":179,"column":4},"end":{"line":181,"column":5}},{"start":{},"end":{}}],"line":179},"17":{"loc":{"start":{"line":179,"column":8},"end":{"line":179,"column":30}},"type":"binary-expr","locations":[{"start":{"line":179,"column":8},"end":{"line":179,"column":15}},{"start":{"line":179,"column":19},"end":{"line":179,"column":30}}],"line":179},"18":{"loc":{"start":{"line":201,"column":4},"end":{"line":203,"column":5}},"type":"if","locations":[{"start":{"line":201,"column":4},"end":{"line":203,"column":5}},{"start":{},"end":{}}],"line":201},"19":{"loc":{"start":{"line":227,"column":4},"end":{"line":229,"column":5}},"type":"if","locations":[{"start":{"line":227,"column":4},"end":{"line":229,"column":5}},{"start":{},"end":{}}],"line":227},"20":{"loc":{"start":{"line":227,"column":8},"end":{"line":227,"column":42}},"type":"binary-expr","locations":[{"start":{"line":227,"column":8},"end":{"line":227,"column":21}},{"start":{"line":227,"column":25},"end":{"line":227,"column":42}}],"line":227},"21":{"loc":{"start":{"line":235,"column":4},"end":{"line":237,"column":5}},"type":"if","locations":[{"start":{"line":235,"column":4},"end":{"line":237,"column":5}},{"start":{},"end":{}}],"line":235},"22":{"loc":{"start":{"line":238,"column":4},"end":{"line":240,"column":5}},"type":"if","locations":[{"start":{"line":238,"column":4},"end":{"line":240,"column":5}},{"start":{},"end":{}}],"line":238},"23":{"loc":{"start":{"line":271,"column":9},"end":{"line":271,"column":43}},"type":"binary-expr","locations":[{"start":{"line":271,"column":9},"end":{"line":271,"column":24}},{"start":{"line":271,"column":28},"end":{"line":271,"column":43}}],"line":271},"24":{"loc":{"start":{"line":298,"column":0},"end":{"line":300,"column":1}},"type":"if","locations":[{"start":{"line":298,"column":0},"end":{"line":300,"column":1}},{"start":{},"end":{}}],"line":298}},"s":{"0":1,"1":1,"2":1,"3":1,"4":1,"5":1,"6":1,"7":1,"8":1,"9":1,"10":1,"11":1,"12":1,"13":0,"14":1,"15":1,"16":0,"17":0,"18":11,"19":2,"20":9,"21":9,"22":9,"23":9,"24":1,"25":1,"26":1,"27":1,"28":1,"29":1,"30":0,"31":1,"32":7,"33":7,"34":7,"35":0,"36":7,"37":4,"38":3,"39":3,"40":1,"41":2,"42":2,"43":2,"44":2,"45":0,"46":0,"47":1,"48":0,"49":0,"50":0,"51":0,"52":0,"53":0,"54":0,"55":0,"56":0,"57":0,"58":0,"59":0,"60":0,"61":1,"62":0,"63":0,"64":0,"65":0,"66":0,"67":0,"68":0,"69":0,"70":0,"71":1,"72":0,"73":0,"74":0,"75":0,"76":0,"77":0,"78":0,"79":0,"80":0,"81":0,"82":0,"83":0,"84":0,"85":0,"86":0,"87":1,"88":6,"89":6,"90":6,"91":6,"92":3,"93":3,"94":3,"95":1,"96":2,"97":1,"98":1,"99":1,"100":1,"101":1,"102":1,"103":0,"104":0,"105":0,"106":0,"107":2,"108":0,"109":0,"110":0,"111":1,"112":0,"113":1},"f":{"0":1,"1":0,"2":0,"3":11,"4":0,"5":7,"6":0,"7":0,"8":0,"9":6,"10":0,"11":2,"12":0,"13":0},"b":{"0":[1,1],"1":[1,1],"2":[1,1],"3":[2,9],"4":[11,11],"5":[9,7,5],"6":[0,7],"7":[7,7],"8":[4,3],"9":[7,5],"10":[1,2],"11":[2,1],"12":[2,1],"13":[0,0],"14":[0,0],"15":[0,0],"16":[0,0],"17":[0,0],"18":[0,0],"19":[3,3],"20":[6,4],"21":[1,2],"22":[1,1],"23":[0,0],"24":[0,1]},"_coverageSchema":"1a1c01bbd47fc00a2c39e90264f33305004495a9","hash":"ad982f299e7853c919fb4278eeecea824362cbe4"}
}
