{"D:\\JuniorYear\\Software Engineering\\test\\test\\3\\output\\code\\services\\member\\src\\index.js": {"path":"D:\\JuniorYear\\Software Engineering\\test\\test\\3\\output\\code\\services\\member\\src\\index.js","statementMap":{"0":{"start":{"line":6,"column":16},"end":{"line":6,"column":34}},"1":{"start":{"line":7,"column":13},"end":{"line":7,"column":28}},"2":{"start":{"line":8,"column":15},"end":{"line":8,"column":32}},"3":{"start":{"line":9,"column":15},"end":{"line":9,"column":32}},"4":{"start":{"line":10,"column":17},"end":{"line":10,"column":30}},"5":{"start":{"line":11,"column":14},"end":{"line":11,"column":30}},"6":{"start":{"line":12,"column":15},"end":{"line":12,"column":32}},"7":{"start":{"line":16,"column":13},"end":{"line":16,"column":37}},"8":{"start":{"line":17,"column":21},"end":{"line":17,"column":45}},"9":{"start":{"line":18,"column":18},"end":{"line":18,"column":39}},"10":{"start":{"line":22,"column":13},"end":{"line":27,"column":2}},"11":{"start":{"line":32,"column":17},"end":{"line":32,"column":22}},"12":{"start":{"line":35,"column":2},"end":{"line":35,"column":55}},"13":{"start":{"line":36,"column":2},"end":{"line":36,"column":182}},"14":{"start":{"line":36,"column":35},"end":{"line":36,"column":180}},"15":{"start":{"line":37,"column":2},"end":{"line":37,"column":30}},"16":{"start":{"line":38,"column":2},"end":{"line":38,"column":20}},"17":{"start":{"line":39,"column":2},"end":{"line":39,"column":129}},"18":{"start":{"line":45,"column":2},"end":{"line":60,"column":5}},"19":{"start":{"line":61,"column":2},"end":{"line":61,"column":132}},"20":{"start":{"line":70,"column":2},"end":{"line":70,"column":53}},"21":{"start":{"line":70,"column":40},"end":{"line":70,"column":53}},"22":{"start":{"line":71,"column":19},"end":{"line":71,"column":41}},"23":{"start":{"line":72,"column":19},"end":{"line":72,"column":41}},"24":{"start":{"line":73,"column":19},"end":{"line":73,"column":41}},"25":{"start":{"line":74,"column":2},"end":{"line":74,"column":42}},"26":{"start":{"line":79,"column":21},"end":{"line":81,"column":54}},"27":{"start":{"line":83,"column":12},"end":{"line":83,"column":21}},"28":{"start":{"line":84,"column":0},"end":{"line":84,"column":40}},"29":{"start":{"line":85,"column":0},"end":{"line":85,"column":18}},"30":{"start":{"line":88,"column":0},"end":{"line":106,"column":3}},"31":{"start":{"line":89,"column":18},"end":{"line":89,"column":66}},"32":{"start":{"line":90,"column":2},"end":{"line":90,"column":24}},"33":{"start":{"line":91,"column":16},"end":{"line":91,"column":26}},"34":{"start":{"line":92,"column":2},"end":{"line":104,"column":5}},"35":{"start":{"line":93,"column":16},"end":{"line":102,"column":6}},"36":{"start":{"line":103,"column":4},"end":{"line":103,"column":21}},"37":{"start":{"line":105,"column":2},"end":{"line":105,"column":9}},"38":{"start":{"line":108,"column":0},"end":{"line":108,"column":24}},"39":{"start":{"line":112,"column":0},"end":{"line":118,"column":3}},"40":{"start":{"line":113,"column":2},"end":{"line":117,"column":5}},"41":{"start":{"line":122,"column":0},"end":{"line":158,"column":3}},"42":{"start":{"line":123,"column":2},"end":{"line":157,"column":3}},"43":{"start":{"line":124,"column":45},"end":{"line":124,"column":53}},"44":{"start":{"line":125,"column":4},"end":{"line":127,"column":5}},"45":{"start":{"line":126,"column":6},"end":{"line":126,"column":59}},"46":{"start":{"line":129,"column":4},"end":{"line":131,"column":5}},"47":{"start":{"line":130,"column":6},"end":{"line":130,"column":57}},"48":{"start":{"line":133,"column":4},"end":{"line":135,"column":5}},"49":{"start":{"line":134,"column":6},"end":{"line":134,"column":68}},"50":{"start":{"line":137,"column":21},"end":{"line":140,"column":5}},"51":{"start":{"line":141,"column":4},"end":{"line":143,"column":5}},"52":{"start":{"line":142,"column":6},"end":{"line":142,"column":56}},"53":{"start":{"line":145,"column":27},"end":{"line":145,"column":74}},"54":{"start":{"line":146,"column":19},"end":{"line":149,"column":5}},"55":{"start":{"line":151,"column":19},"end":{"line":151,"column":33}},"56":{"start":{"line":152,"column":4},"end":{"line":152,"column":176}},"57":{"start":{"line":153,"column":4},"end":{"line":153,"column":47}},"58":{"start":{"line":155,"column":4},"end":{"line":155,"column":175}},"59":{"start":{"line":156,"column":4},"end":{"line":156,"column":44}},"60":{"start":{"line":162,"column":0},"end":{"line":181,"column":3}},"61":{"start":{"line":163,"column":2},"end":{"line":180,"column":3}},"62":{"start":{"line":164,"column":19},"end":{"line":164,"column":29}},"63":{"start":{"line":166,"column":19},"end":{"line":166,"column":76}},"64":{"start":{"line":167,"column":4},"end":{"line":167,"column":52}},"65":{"start":{"line":167,"column":16},"end":{"line":167,"column":52}},"66":{"start":{"line":169,"column":19},"end":{"line":169,"column":79}},"67":{"start":{"line":170,"column":4},"end":{"line":172,"column":5}},"68":{"start":{"line":171,"column":6},"end":{"line":171,"column":54}},"69":{"start":{"line":174,"column":19},"end":{"line":174,"column":47}},"70":{"start":{"line":175,"column":4},"end":{"line":175,"column":89}},"71":{"start":{"line":175,"column":20},"end":{"line":175,"column":89}},"72":{"start":{"line":176,"column":4},"end":{"line":176,"column":21}},"73":{"start":{"line":178,"column":4},"end":{"line":178,"column":177}},"74":{"start":{"line":179,"column":4},"end":{"line":179,"column":44}},"75":{"start":{"line":185,"column":0},"end":{"line":208,"column":3}},"76":{"start":{"line":186,"column":2},"end":{"line":207,"column":3}},"77":{"start":{"line":187,"column":19},"end":{"line":187,"column":29}},"78":{"start":{"line":188,"column":19},"end":{"line":191,"column":5}},"79":{"start":{"line":192,"column":4},"end":{"line":194,"column":5}},"80":{"start":{"line":193,"column":6},"end":{"line":193,"column":54}},"81":{"start":{"line":196,"column":43},"end":{"line":196,"column":57}},"82":{"start":{"line":197,"column":4},"end":{"line":203,"column":7}},"83":{"start":{"line":205,"column":4},"end":{"line":205,"column":177}},"84":{"start":{"line":206,"column":4},"end":{"line":206,"column":46}},"85":{"start":{"line":212,"column":0},"end":{"line":256,"column":3}},"86":{"start":{"line":213,"column":2},"end":{"line":255,"column":3}},"87":{"start":{"line":214,"column":19},"end":{"line":214,"column":29}},"88":{"start":{"line":215,"column":23},"end":{"line":215,"column":31}},"89":{"start":{"line":216,"column":4},"end":{"line":218,"column":5}},"90":{"start":{"line":217,"column":6},"end":{"line":217,"column":58}},"91":{"start":{"line":220,"column":25},"end":{"line":220,"column":43}},"92":{"start":{"line":222,"column":19},"end":{"line":236,"column":5}},"93":{"start":{"line":238,"column":4},"end":{"line":240,"column":5}},"94":{"start":{"line":239,"column":6},"end":{"line":239,"column":54}},"95":{"start":{"line":242,"column":4},"end":{"line":242,"column":58}},"96":{"start":{"line":242,"column":20},"end":{"line":242,"column":58}},"97":{"start":{"line":244,"column":19},"end":{"line":244,"column":33}},"98":{"start":{"line":245,"column":4},"end":{"line":245,"column":184}},"99":{"start":{"line":246,"column":4},"end":{"line":251,"column":7}},"100":{"start":{"line":253,"column":4},"end":{"line":253,"column":178}},"101":{"start":{"line":254,"column":4},"end":{"line":254,"column":46}},"102":{"start":{"line":260,"column":0},"end":{"line":294,"column":3}},"103":{"start":{"line":261,"column":2},"end":{"line":293,"column":3}},"104":{"start":{"line":262,"column":19},"end":{"line":262,"column":29}},"105":{"start":{"line":263,"column":37},"end":{"line":263,"column":45}},"106":{"start":{"line":264,"column":4},"end":{"line":266,"column":5}},"107":{"start":{"line":265,"column":6},"end":{"line":265,"column":58}},"108":{"start":{"line":268,"column":19},"end":{"line":271,"column":5}},"109":{"start":{"line":273,"column":4},"end":{"line":279,"column":5}},"110":{"start":{"line":274,"column":21},"end":{"line":274,"column":82}},"111":{"start":{"line":275,"column":6},"end":{"line":277,"column":7}},"112":{"start":{"line":276,"column":8},"end":{"line":276,"column":56}},"113":{"start":{"line":278,"column":6},"end":{"line":278,"column":53}},"114":{"start":{"line":281,"column":4},"end":{"line":281,"column":58}},"115":{"start":{"line":281,"column":20},"end":{"line":281,"column":58}},"116":{"start":{"line":283,"column":19},"end":{"line":283,"column":33}},"117":{"start":{"line":284,"column":4},"end":{"line":284,"column":188}},"118":{"start":{"line":285,"column":4},"end":{"line":289,"column":7}},"119":{"start":{"line":291,"column":4},"end":{"line":291,"column":180}},"120":{"start":{"line":292,"column":4},"end":{"line":292,"column":46}},"121":{"start":{"line":299,"column":19},"end":{"line":304,"column":3}},"122":{"start":{"line":305,"column":2},"end":{"line":305,"column":44}},"123":{"start":{"line":309,"column":2},"end":{"line":319,"column":4}},"124":{"start":{"line":324,"column":2},"end":{"line":324,"column":23}},"125":{"start":{"line":325,"column":2},"end":{"line":325,"column":17}},"126":{"start":{"line":326,"column":17},"end":{"line":328,"column":4}},"127":{"start":{"line":327,"column":4},"end":{"line":327,"column":154}},"128":{"start":{"line":330,"column":19},"end":{"line":336,"column":3}},"129":{"start":{"line":331,"column":4},"end":{"line":331,"column":129}},"130":{"start":{"line":332,"column":4},"end":{"line":332,"column":19}},"131":{"start":{"line":333,"column":4},"end":{"line":333,"column":45}},"132":{"start":{"line":333,"column":20},"end":{"line":333,"column":45}},"133":{"start":{"line":334,"column":4},"end":{"line":334,"column":21}},"134":{"start":{"line":335,"column":4},"end":{"line":335,"column":20}},"135":{"start":{"line":337,"column":2},"end":{"line":337,"column":34}},"136":{"start":{"line":338,"column":2},"end":{"line":338,"column":33}},"137":{"start":{"line":343,"column":0},"end":{"line":345,"column":1}},"138":{"start":{"line":344,"column":2},"end":{"line":344,"column":31}},"139":{"start":{"line":348,"column":0},"end":{"line":348,"column":108}},"140":{"start":{"line":348,"column":94},"end":{"line":348,"column":105}}},"fnMap":{"0":{"name":"connectRedis","decl":{"start":{"line":34,"column":15},"end":{"line":34,"column":27}},"loc":{"start":{"line":34,"column":30},"end":{"line":40,"column":1}},"line":34},"1":{"name":"(anonymous_1)","decl":{"start":{"line":36,"column":26},"end":{"line":36,"column":27}},"loc":{"start":{"line":36,"column":35},"end":{"line":36,"column":180}},"line":36},"2":{"name":"initDB","decl":{"start":{"line":44,"column":15},"end":{"line":44,"column":21}},"loc":{"start":{"line":44,"column":24},"end":{"line":62,"column":1}},"line":44},"3":{"name":"validatePasswordStrength","decl":{"start":{"line":69,"column":9},"end":{"line":69,"column":33}},"loc":{"start":{"line":69,"column":44},"end":{"line":75,"column":1}},"line":69},"4":{"name":"(anonymous_4)","decl":{"start":{"line":88,"column":8},"end":{"line":88,"column":9}},"loc":{"start":{"line":88,"column":28},"end":{"line":106,"column":1}},"line":88},"5":{"name":"(anonymous_5)","decl":{"start":{"line":92,"column":19},"end":{"line":92,"column":20}},"loc":{"start":{"line":92,"column":25},"end":{"line":104,"column":3}},"line":92},"6":{"name":"(anonymous_6)","decl":{"start":{"line":112,"column":19},"end":{"line":112,"column":20}},"loc":{"start":{"line":112,"column":33},"end":{"line":118,"column":1}},"line":112},"7":{"name":"(anonymous_7)","decl":{"start":{"line":122,"column":25},"end":{"line":122,"column":26}},"loc":{"start":{"line":122,"column":45},"end":{"line":158,"column":1}},"line":122},"8":{"name":"(anonymous_8)","decl":{"start":{"line":162,"column":28},"end":{"line":162,"column":29}},"loc":{"start":{"line":162,"column":48},"end":{"line":181,"column":1}},"line":162},"9":{"name":"(anonymous_9)","decl":{"start":{"line":185,"column":35},"end":{"line":185,"column":36}},"loc":{"start":{"line":185,"column":55},"end":{"line":208,"column":1}},"line":185},"10":{"name":"(anonymous_10)","decl":{"start":{"line":212,"column":41},"end":{"line":212,"column":42}},"loc":{"start":{"line":212,"column":61},"end":{"line":256,"column":1}},"line":212},"11":{"name":"(anonymous_11)","decl":{"start":{"line":260,"column":43},"end":{"line":260,"column":44}},"loc":{"start":{"line":260,"column":63},"end":{"line":294,"column":1}},"line":260},"12":{"name":"getLevelBenefits","decl":{"start":{"line":298,"column":9},"end":{"line":298,"column":25}},"loc":{"start":{"line":298,"column":33},"end":{"line":306,"column":1}},"line":298},"13":{"name":"formatMember","decl":{"start":{"line":308,"column":9},"end":{"line":308,"column":21}},"loc":{"start":{"line":308,"column":27},"end":{"line":320,"column":1}},"line":308},"14":{"name":"start","decl":{"start":{"line":323,"column":15},"end":{"line":323,"column":20}},"loc":{"start":{"line":323,"column":23},"end":{"line":339,"column":1}},"line":323},"15":{"name":"(anonymous_15)","decl":{"start":{"line":326,"column":34},"end":{"line":326,"column":35}},"loc":{"start":{"line":326,"column":40},"end":{"line":328,"column":3}},"line":326},"16":{"name":"(anonymous_16)","decl":{"start":{"line":330,"column":19},"end":{"line":330,"column":20}},"loc":{"start":{"line":330,"column":31},"end":{"line":336,"column":3}},"line":330},"17":{"name":"(anonymous_17)","decl":{"start":{"line":348,"column":88},"end":{"line":348,"column":89}},"loc":{"start":{"line":348,"column":94},"end":{"line":348,"column":105}},"line":348}},"branchMap":{"0":{"loc":{"start":{"line":16,"column":13},"end":{"line":16,"column":37}},"type":"binary-expr","locations":[{"start":{"line":16,"column":13},"end":{"line":16,"column":29}},{"start":{"line":16,"column":33},"end":{"line":16,"column":37}}],"line":16},"1":{"loc":{"start":{"line":24,"column":16},"end":{"line":24,"column":47}},"type":"binary-expr","locations":[{"start":{"line":24,"column":16},"end":{"line":24,"column":39}},{"start":{"line":24,"column":43},"end":{"line":24,"column":47}}],"line":24},"2":{"loc":{"start":{"line":70,"column":2},"end":{"line":70,"column":53}},"type":"if","locations":[{"start":{"line":70,"column":2},"end":{"line":70,"column":53}},{"start":{},"end":{}}],"line":70},"3":{"loc":{"start":{"line":70,"column":6},"end":{"line":70,"column":38}},"type":"binary-expr","locations":[{"start":{"line":70,"column":6},"end":{"line":70,"column":15}},{"start":{"line":70,"column":19},"end":{"line":70,"column":38}}],"line":70},"4":{"loc":{"start":{"line":74,"column":9},"end":{"line":74,"column":41}},"type":"binary-expr","locations":[{"start":{"line":74,"column":9},"end":{"line":74,"column":17}},{"start":{"line":74,"column":21},"end":{"line":74,"column":29}},{"start":{"line":74,"column":33},"end":{"line":74,"column":41}}],"line":74},"5":{"loc":{"start":{"line":79,"column":21},"end":{"line":81,"column":54}},"type":"cond-expr","locations":[{"start":{"line":80,"column":4},"end":{"line":80,"column":39}},{"start":{"line":81,"column":4},"end":{"line":81,"column":54}}],"line":79},"6":{"loc":{"start":{"line":89,"column":18},"end":{"line":89,"column":66}},"type":"binary-expr","locations":[{"start":{"line":89,"column":18},"end":{"line":89,"column":43}},{"start":{"line":89,"column":47},"end":{"line":89,"column":66}}],"line":89},"7":{"loc":{"start":{"line":95,"column":13},"end":{"line":95,"column":86}},"type":"cond-expr","locations":[{"start":{"line":95,"column":37},"end":{"line":95,"column":44}},{"start":{"line":95,"column":47},"end":{"line":95,"column":86}}],"line":95},"8":{"loc":{"start":{"line":95,"column":47},"end":{"line":95,"column":86}},"type":"cond-expr","locations":[{"start":{"line":95,"column":71},"end":{"line":95,"column":77}},{"start":{"line":95,"column":80},"end":{"line":95,"column":86}}],"line":95},"9":{"loc":{"start":{"line":125,"column":4},"end":{"line":127,"column":5}},"type":"if","locations":[{"start":{"line":125,"column":4},"end":{"line":127,"column":5}},{"start":{},"end":{}}],"line":125},"10":{"loc":{"start":{"line":125,"column":8},"end":{"line":125,"column":23}},"type":"binary-expr","locations":[{"start":{"line":125,"column":8},"end":{"line":125,"column":13}},{"start":{"line":125,"column":17},"end":{"line":125,"column":23}}],"line":125},"11":{"loc":{"start":{"line":129,"column":4},"end":{"line":131,"column":5}},"type":"if","locations":[{"start":{"line":129,"column":4},"end":{"line":131,"column":5}},{"start":{},"end":{}}],"line":129},"12":{"loc":{"start":{"line":133,"column":4},"end":{"line":135,"column":5}},"type":"if","locations":[{"start":{"line":133,"column":4},"end":{"line":135,"column":5}},{"start":{},"end":{}}],"line":133},"13":{"loc":{"start":{"line":133,"column":8},"end":{"line":133,"column":55}},"type":"binary-expr","locations":[{"start":{"line":133,"column":8},"end":{"line":133,"column":16}},{"start":{"line":133,"column":20},"end":{"line":133,"column":55}}],"line":133},"14":{"loc":{"start":{"line":141,"column":4},"end":{"line":143,"column":5}},"type":"if","locations":[{"start":{"line":141,"column":4},"end":{"line":143,"column":5}},{"start":{},"end":{}}],"line":141},"15":{"loc":{"start":{"line":145,"column":27},"end":{"line":145,"column":74}},"type":"cond-expr","locations":[{"start":{"line":145,"column":38},"end":{"line":145,"column":69}},{"start":{"line":145,"column":72},"end":{"line":145,"column":74}}],"line":145},"16":{"loc":{"start":{"line":148,"column":20},"end":{"line":148,"column":33}},"type":"binary-expr","locations":[{"start":{"line":148,"column":20},"end":{"line":148,"column":25}},{"start":{"line":148,"column":29},"end":{"line":148,"column":33}}],"line":148},"17":{"loc":{"start":{"line":166,"column":19},"end":{"line":166,"column":76}},"type":"cond-expr","locations":[{"start":{"line":166,"column":32},"end":{"line":166,"column":69}},{"start":{"line":166,"column":72},"end":{"line":166,"column":76}}],"line":166},"18":{"loc":{"start":{"line":167,"column":4},"end":{"line":167,"column":52}},"type":"if","locations":[{"start":{"line":167,"column":4},"end":{"line":167,"column":52}},{"start":{},"end":{}}],"line":167},"19":{"loc":{"start":{"line":170,"column":4},"end":{"line":172,"column":5}},"type":"if","locations":[{"start":{"line":170,"column":4},"end":{"line":172,"column":5}},{"start":{},"end":{}}],"line":170},"20":{"loc":{"start":{"line":175,"column":4},"end":{"line":175,"column":89}},"type":"if","locations":[{"start":{"line":175,"column":4},"end":{"line":175,"column":89}},{"start":{},"end":{}}],"line":175},"21":{"loc":{"start":{"line":192,"column":4},"end":{"line":194,"column":5}},"type":"if","locations":[{"start":{"line":192,"column":4},"end":{"line":194,"column":5}},{"start":{},"end":{}}],"line":192},"22":{"loc":{"start":{"line":216,"column":4},"end":{"line":218,"column":5}},"type":"if","locations":[{"start":{"line":216,"column":4},"end":{"line":218,"column":5}},{"start":{},"end":{}}],"line":216},"23":{"loc":{"start":{"line":216,"column":8},"end":{"line":216,"column":30}},"type":"binary-expr","locations":[{"start":{"line":216,"column":8},"end":{"line":216,"column":15}},{"start":{"line":216,"column":19},"end":{"line":216,"column":30}}],"line":216},"24":{"loc":{"start":{"line":238,"column":4},"end":{"line":240,"column":5}},"type":"if","locations":[{"start":{"line":238,"column":4},"end":{"line":240,"column":5}},{"start":{},"end":{}}],"line":238},"25":{"loc":{"start":{"line":242,"column":4},"end":{"line":242,"column":58}},"type":"if","locations":[{"start":{"line":242,"column":4},"end":{"line":242,"column":58}},{"start":{},"end":{}}],"line":242},"26":{"loc":{"start":{"line":264,"column":4},"end":{"line":266,"column":5}},"type":"if","locations":[{"start":{"line":264,"column":4},"end":{"line":266,"column":5}},{"start":{},"end":{}}],"line":264},"27":{"loc":{"start":{"line":264,"column":8},"end":{"line":264,"column":42}},"type":"binary-expr","locations":[{"start":{"line":264,"column":8},"end":{"line":264,"column":21}},{"start":{"line":264,"column":25},"end":{"line":264,"column":42}}],"line":264},"28":{"loc":{"start":{"line":273,"column":4},"end":{"line":279,"column":5}},"type":"if","locations":[{"start":{"line":273,"column":4},"end":{"line":279,"column":5}},{"start":{},"end":{}}],"line":273},"29":{"loc":{"start":{"line":275,"column":6},"end":{"line":277,"column":7}},"type":"if","locations":[{"start":{"line":275,"column":6},"end":{"line":277,"column":7}},{"start":{},"end":{}}],"line":275},"30":{"loc":{"start":{"line":281,"column":4},"end":{"line":281,"column":58}},"type":"if","locations":[{"start":{"line":281,"column":4},"end":{"line":281,"column":58}},{"start":{},"end":{}}],"line":281},"31":{"loc":{"start":{"line":305,"column":9},"end":{"line":305,"column":43}},"type":"binary-expr","locations":[{"start":{"line":305,"column":9},"end":{"line":305,"column":24}},{"start":{"line":305,"column":28},"end":{"line":305,"column":43}}],"line":305},"32":{"loc":{"start":{"line":333,"column":4},"end":{"line":333,"column":45}},"type":"if","locations":[{"start":{"line":333,"column":4},"end":{"line":333,"column":45}},{"start":{},"end":{}}],"line":333},"33":{"loc":{"start":{"line":343,"column":0},"end":{"line":345,"column":1}},"type":"if","locations":[{"start":{"line":343,"column":0},"end":{"line":345,"column":1}},{"start":{},"end":{}}],"line":343}},"s":{"0":2,"1":2,"2":2,"3":2,"4":2,"5":2,"6":2,"7":2,"8":2,"9":2,"10":2,"11":2,"12":0,"13":0,"14":0,"15":0,"16":0,"17":0,"18":1,"19":1,"20":11,"21":2,"22":9,"23":9,"24":9,"25":9,"26":2,"27":2,"28":2,"29":2,"30":2,"31":18,"32":18,"33":18,"34":18,"35":18,"36":18,"37":18,"38":2,"39":2,"40":1,"41":2,"42":8,"43":8,"44":8,"45":1,"46":7,"47":0,"48":7,"49":4,"50":3,"51":3,"52":1,"53":2,"54":2,"55":2,"56":2,"57":2,"58":0,"59":0,"60":2,"61":1,"62":1,"63":1,"64":1,"65":0,"66":1,"67":1,"68":1,"69":0,"70":0,"71":0,"72":0,"73":0,"74":0,"75":2,"76":1,"77":1,"78":1,"79":1,"80":1,"81":0,"82":0,"83":0,"84":0,"85":2,"86":1,"87":1,"88":1,"89":1,"90":1,"91":0,"92":0,"93":0,"94":0,"95":0,"96":0,"97":0,"98":0,"99":0,"100":0,"101":0,"102":2,"103":6,"104":6,"105":6,"106":6,"107":3,"108":3,"109":3,"110":2,"111":2,"112":1,"113":1,"114":1,"115":0,"116":1,"117":1,"118":1,"119":0,"120":0,"121":0,"122":0,"123":2,"124":0,"125":0,"126":0,"127":0,"128":0,"129":0,"130":0,"131":0,"132":0,"133":0,"134":0,"135":0,"136":0,"137":2,"138":0,"139":2,"140":0},"f":{"0":0,"1":0,"2":1,"3":11,"4":18,"5":18,"6":1,"7":8,"8":1,"9":1,"10":1,"11":6,"12":0,"13":2,"14":0,"15":0,"16":0,"17":0},"b":{"0":[2,2],"1":[2,2],"2":[2,9],"3":[11,11],"4":[9,7,5],"5":[0,2],"6":[18,18],"7":[0,18],"8":[14,4],"9":[1,7],"10":[8,8],"11":[0,7],"12":[4,3],"13":[7,5],"14":[1,2],"15":[1,1],"16":[2,1],"17":[0,1],"18":[0,1],"19":[1,0],"20":[0,0],"21":[1,0],"22":[1,0],"23":[1,1],"24":[0,0],"25":[0,0],"26":[3,3],"27":[6,4],"28":[2,1],"29":[1,1],"30":[0,1],"31":[0,0],"32":[0,0],"33":[0,2]},"_coverageSchema":"1a1c01bbd47fc00a2c39e90264f33305004495a9","hash":"f1f33601e1c82ae3a29a31c24a96dc92b6260764"}
}
