TN:
SF:src\index.js
FN:34,connectRedis
FN:36,(anonymous_1)
FN:44,initDB
FN:69,validatePasswordStrength
FN:88,(anonymous_4)
FN:92,(anonymous_5)
FN:112,(anonymous_6)
FN:122,(anonymous_7)
FN:162,(anonymous_8)
FN:185,(anonymous_9)
FN:212,(anonymous_10)
FN:260,(anonymous_11)
FN:298,getLevelBenefits
FN:308,formatMember
FN:323,start
FN:326,(anonymous_15)
FN:330,(anonymous_16)
FN:348,(anonymous_17)
FNF:18
FNH:11
FNDA:0,connectRedis
FNDA:0,(anonymous_1)
FNDA:1,initDB
FNDA:11,validatePasswordStrength
FNDA:18,(anonymous_4)
FNDA:18,(anonymous_5)
FNDA:1,(anonymous_6)
FNDA:8,(anonymous_7)
FNDA:1,(anonymous_8)
FNDA:1,(anonymous_9)
FNDA:1,(anonymous_10)
FNDA:6,(anonymous_11)
FNDA:0,getLevelBenefits
FNDA:2,formatMember
FNDA:0,start
FNDA:0,(anonymous_15)
FNDA:0,(anonymous_16)
FNDA:0,(anonymous_17)
DA:6,2
DA:7,2
DA:8,2
DA:9,2
DA:10,2
DA:11,2
DA:12,2
DA:16,2
DA:17,2
DA:18,2
DA:22,2
DA:32,2
DA:35,0
DA:36,0
DA:37,0
DA:38,0
DA:39,0
DA:45,1
DA:61,1
DA:70,11
DA:71,9
DA:72,9
DA:73,9
DA:74,9
DA:79,2
DA:83,2
DA:84,2
DA:85,2
DA:88,2
DA:89,18
DA:90,18
DA:91,18
DA:92,18
DA:93,18
DA:103,18
DA:105,18
DA:108,2
DA:112,2
DA:113,1
DA:122,2
DA:123,8
DA:124,8
DA:125,8
DA:126,1
DA:129,7
DA:130,0
DA:133,7
DA:134,4
DA:137,3
DA:141,3
DA:142,1
DA:145,2
DA:146,2
DA:151,2
DA:152,2
DA:153,2
DA:155,0
DA:156,0
DA:162,2
DA:163,1
DA:164,1
DA:166,1
DA:167,1
DA:169,1
DA:170,1
DA:171,1
DA:174,0
DA:175,0
DA:176,0
DA:178,0
DA:179,0
DA:185,2
DA:186,1
DA:187,1
DA:188,1
DA:192,1
DA:193,1
DA:196,0
DA:197,0
DA:205,0
DA:206,0
DA:212,2
DA:213,1
DA:214,1
DA:215,1
DA:216,1
DA:217,1
DA:220,0
DA:222,0
DA:238,0
DA:239,0
DA:242,0
DA:244,0
DA:245,0
DA:246,0
DA:253,0
DA:254,0
DA:260,2
DA:261,6
DA:262,6
DA:263,6
DA:264,6
DA:265,3
DA:268,3
DA:273,3
DA:274,2
DA:275,2
DA:276,1
DA:278,1
DA:281,1
DA:283,1
DA:284,1
DA:285,1
DA:291,0
DA:292,0
DA:299,0
DA:305,0
DA:309,2
DA:324,0
DA:325,0
DA:326,0
DA:327,0
DA:330,0
DA:331,0
DA:332,0
DA:333,0
DA:334,0
DA:335,0
DA:337,0
DA:338,0
DA:343,2
DA:344,0
DA:348,2
LF:133
LH:89
BRDA:16,0,0,2
BRDA:16,0,1,2
BRDA:24,1,0,2
BRDA:24,1,1,2
BRDA:70,2,0,2
BRDA:70,2,1,9
BRDA:70,3,0,11
BRDA:70,3,1,11
BRDA:74,4,0,9
BRDA:74,4,1,7
BRDA:74,4,2,5
BRDA:79,5,0,0
BRDA:79,5,1,2
BRDA:89,6,0,18
BRDA:89,6,1,18
BRDA:95,7,0,0
BRDA:95,7,1,18
BRDA:95,8,0,14
BRDA:95,8,1,4
BRDA:125,9,0,1
BRDA:125,9,1,7
BRDA:125,10,0,8
BRDA:125,10,1,8
BRDA:129,11,0,0
BRDA:129,11,1,7
BRDA:133,12,0,4
BRDA:133,12,1,3
BRDA:133,13,0,7
BRDA:133,13,1,5
BRDA:141,14,0,1
BRDA:141,14,1,2
BRDA:145,15,0,1
BRDA:145,15,1,1
BRDA:148,16,0,2
BRDA:148,16,1,1
BRDA:166,17,0,0
BRDA:166,17,1,1
BRDA:167,18,0,0
BRDA:167,18,1,1
BRDA:170,19,0,1
BRDA:170,19,1,0
BRDA:175,20,0,0
BRDA:175,20,1,0
BRDA:192,21,0,1
BRDA:192,21,1,0
BRDA:216,22,0,1
BRDA:216,22,1,0
BRDA:216,23,0,1
BRDA:216,23,1,1
BRDA:238,24,0,0
BRDA:238,24,1,0
BRDA:242,25,0,0
BRDA:242,25,1,0
BRDA:264,26,0,3
BRDA:264,26,1,3
BRDA:264,27,0,6
BRDA:264,27,1,4
BRDA:273,28,0,2
BRDA:273,28,1,1
BRDA:275,29,0,1
BRDA:275,29,1,1
BRDA:281,30,0,0
BRDA:281,30,1,1
BRDA:305,31,0,0
BRDA:305,31,1,0
BRDA:333,32,0,0
BRDA:333,32,1,0
BRDA:343,33,0,0
BRDA:343,33,1,2
BRF:69
BRH:49
end_of_record
