TN:
SF:src\index.js
FN:28,(anonymous_0)
FN:30,(anonymous_1)
FN:37,initDB
FN:62,validatePasswordStrength
FN:80,(anonymous_4)
FN:90,(anonymous_5)
FN:125,(anonymous_6)
FN:148,(anonymous_7)
FN:175,(anonymous_8)
FN:223,(anonymous_9)
FN:264,getLevelBenefits
FN:274,formatMember
FN:289,start
FN:291,(anonymous_13)
FNF:14
FNH:5
FNDA:1,(anonymous_0)
FNDA:0,(anonymous_1)
FNDA:0,initDB
FNDA:11,validatePasswordStrength
FNDA:0,(anonymous_4)
FNDA:7,(anonymous_5)
FNDA:0,(anonymous_6)
FNDA:0,(anonymous_7)
FNDA:0,(anonymous_8)
FNDA:6,(anonymous_9)
FNDA:0,getLevelBenefits
FNDA:2,formatMember
FNDA:0,start
FNDA:0,(anonymous_13)
DA:6,1
DA:7,1
DA:8,1
DA:9,1
DA:10,1
DA:11,1
DA:15,1
DA:17,1
DA:19,1
DA:23,1
DA:28,1
DA:29,1
DA:30,1
DA:31,1
DA:32,1
DA:38,0
DA:54,0
DA:63,11
DA:64,9
DA:65,9
DA:66,9
DA:67,9
DA:72,1
DA:73,1
DA:74,1
DA:75,1
DA:76,1
DA:80,1
DA:81,0
DA:90,1
DA:91,7
DA:92,7
DA:93,7
DA:94,0
DA:97,7
DA:98,4
DA:101,3
DA:105,3
DA:106,1
DA:109,2
DA:114,2
DA:115,2
DA:116,2
DA:118,0
DA:119,0
DA:125,1
DA:126,0
DA:127,0
DA:129,0
DA:130,0
DA:132,0
DA:133,0
DA:134,0
DA:137,0
DA:138,0
DA:139,0
DA:141,0
DA:142,0
DA:148,1
DA:149,0
DA:150,0
DA:151,0
DA:155,0
DA:156,0
DA:159,0
DA:160,0
DA:168,0
DA:169,0
DA:175,1
DA:176,0
DA:177,0
DA:178,0
DA:179,0
DA:180,0
DA:183,0
DA:185,0
DA:201,0
DA:202,0
DA:205,0
DA:207,0
DA:208,0
DA:209,0
DA:216,0
DA:217,0
DA:223,1
DA:224,6
DA:225,6
DA:226,6
DA:227,6
DA:228,3
DA:231,3
DA:235,3
DA:236,1
DA:238,2
DA:239,1
DA:242,1
DA:247,1
DA:249,1
DA:250,1
DA:251,1
DA:257,0
DA:258,0
DA:265,0
DA:271,0
DA:275,2
DA:290,0
DA:291,0
DA:292,0
DA:298,1
DA:299,0
DA:303,1
LF:111
LH:61
BRDA:15,0,0,1
BRDA:15,0,1,1
BRDA:17,1,0,1
BRDA:17,1,1,1
BRDA:19,2,0,1
BRDA:19,2,1,1
BRDA:63,3,0,2
BRDA:63,3,1,9
BRDA:63,4,0,11
BRDA:63,4,1,11
BRDA:67,5,0,9
BRDA:67,5,1,7
BRDA:67,5,2,5
BRDA:93,6,0,0
BRDA:93,6,1,7
BRDA:93,7,0,7
BRDA:93,7,1,7
BRDA:97,8,0,4
BRDA:97,8,1,3
BRDA:97,9,0,7
BRDA:97,9,1,5
BRDA:105,10,0,1
BRDA:105,10,1,2
BRDA:111,11,0,2
BRDA:111,11,1,1
BRDA:111,12,0,2
BRDA:111,12,1,1
BRDA:130,13,0,0
BRDA:130,13,1,0
BRDA:133,14,0,0
BRDA:133,14,1,0
BRDA:155,15,0,0
BRDA:155,15,1,0
BRDA:179,16,0,0
BRDA:179,16,1,0
BRDA:179,17,0,0
BRDA:179,17,1,0
BRDA:201,18,0,0
BRDA:201,18,1,0
BRDA:227,19,0,3
BRDA:227,19,1,3
BRDA:227,20,0,6
BRDA:227,20,1,4
BRDA:235,21,0,1
BRDA:235,21,1,2
BRDA:238,22,0,1
BRDA:238,22,1,1
BRDA:271,23,0,0
BRDA:271,23,1,0
BRDA:298,24,0,0
BRDA:298,24,1,1
BRF:51
BRH:35
end_of_record
