<?xml version="1.0" encoding="utf-8"?><testsuites><testsuite name="pytest" errors="0" failures="0" skipped="0" tests="39" time="16.832" timestamp="2026-05-11T13:50:28.685295" hostname="LAPTOP-AM24INUA"><properties>
[...]
</properties><testcase classname="tests.unit.test_reservation_unit.TestCreateReservation" name="test_create_reservation_valid" time="0.081" /><testcase classname="tests.unit.test_reservation_unit.TestCreateReservation" name="test_create_returns_correct_fields" time="0.014" /><testcase classname="tests.unit.test_reservation_unit.TestGuestCountBoundary" name="test_guest_count_min" time="0.013" /><testcase classname="tests.unit.test_reservation_unit.TestGuestCountBoundary" name="test_guest_count_max" time="0.015" /><testcase classname="tests.unit.test_reservation_unit.TestGuestCountBoundary" name="test_guest_count_exceed_max" time="0.009" /><testcase classname="tests.unit.test_reservation_unit.TestGuestCountBoundary" name="test_guest_count_zero" time="0.007" /><testcase classname="tests.unit.test_reservation_unit.TestDateValidation" name="test_reservation_date_too_far" time="0.006" /><testcase classname="tests.unit.test_reservation_unit.TestDateValidation" name="test_reservation_date_past" time="0.007" /><testcase classname="tests.unit.test_reservation_unit.TestDateValidation" name="test_reservation_date_today" time="0.013" /><testcase classname="tests.unit.test_reservation_unit.TestDateValidation" name="test_reservation_date_max_advance" time="0.013" /><testcase classname="tests.unit.test_reservation_unit.TestCancelReservation" name="test_cancel_reservation" time="0.025" /><testcase classname="tests.unit.test_reservation_unit.TestCancelReservation" name="test_cancel_nonexistent" time="0.009" /><testcase classname="tests.unit.test_reservation_unit.TestCancelReservation" name="test_double_cancel" time="0.023" /><testcase classname="tests.unit.test_reservation_unit.TestGetReservation" name="test_get_reservation" time="0.019" /><testcase classname="tests.unit.test_reservation_unit.TestGetReservation" name="test_get_nonexistent_reservation" time="0.008" /><testcase classname="tests.unit.test_reservation_unit.TestSlotConflict" name="test_same_slot_conflict" time="0.017" /><testcase classname="tests.unit.test_reservation_unit.TestSlotConflict" name="test_different_table_same_time_ok" time="0.021" /><testcase classname="tests.integration.test_reservation_integration.TestCreateAndGet" name="test_create_and_get" time="3.092" /><testcase classname="tests.integration.test_reservation_integration.TestCreateAndGet" name="test_create_response_matches_db" time="0.267" /><testcase classname="tests.integration.test_reservation_integration.TestCancel" name="test_cancel" time="0.270" /><testcase classname="tests.integration.test_reservation_integration.TestCancel" name="test_cancel_then_get_shows_cancelled" time="0.284" /><testcase classname="tests.integration.test_reservation_integration.TestAvailableSlots" name="test_get_available_slots" time="0.315" /><testcase classname="tests.integration.test_reservation_integration.TestAvailableSlots" name="test_available_slots_reduced_after_booking" time="0.344" /><testcase classname="tests.integration.test_reservation_integration.TestConflictScenarios" name="test_overlapping_reservation_rejected" time="0.283" /><testcase classname="tests.integration.test_reservation_integration.TestConflictScenarios" name="test_cancel_frees_slot_for_rebooking" time="0.288" /><testcase classname="tests.integration.test_reservation_integration.TestDoubleCancel" name="test_double_cancel_rejected" time="0.281" /><testcase classname="tests.integration.test_reservation_integration.TestCatPreference" name="test_reservation_with_cat_preference" time="0.266" /><testcase classname="tests.contract.test_contract_consumer" name="test_create_reservation_contract" time="2.145" /><testcase classname="tests.contract.test_contract_consumer" name="test_get_reservation_contract" time="0.076" /><testcase classname="tests.contract.test_contract_consumer" name="test_cancel_reservation_contract" time="0.077" /><testcase classname="tests.contract.test_contract_consumer" name="test_pact_file_generated" time="0.021" /><testcase classname="tests.contract.test_contract_provider" name="test_provider_verification" time="3.053" /><testcase classname="tests.property.test_reservation_property" name="test_date_validity" time="0.104" /><testcase classname="tests.property.test_reservation_property" name="test_guest_count_in_range" time="0.016" /><testcase classname="tests.property.test_reservation_property" name="test_time_slot_overlap_symmetric" time="0.068" /><testcase classname="tests.property.test_reservation_property" name="test_adjacent_slots_no_overlap" time="0.046" /><testcase classname="tests.property.test_reservation_property" name="test_contained_slot_overlaps" time="0.048" /><testcase classname="tests.property.test_reservation_property" name="test_cancel_reservations_returns_list" time="0.543" /><testcase classname="tests.property.test_reservation_property" name="test_get_stores_by_ids" time="1.218" /></testsuite></testsuites>